<?xml version="1.0" encoding="utf-8"?>
<shfbBuild product="Sandcastle Help File Builder and Tools" version="2024.12.21.0" projectFile="C:\Users\Propietario\Documents\FP.DAM\2ยบ\DDI\Practicas\Ut6\di-ra6-proyecto-Cesar-Aganzo\bin\Debug\documentoRa6.shfbproj" started="18/02/2025 0:35:44">
<buildStep step="Initializing">
The Sandcastle tools are located in &#39;C:\Program Files (x86)\EWSoftware\Sandcastle Help File Builder&#39;
Locating components in the following folder(s):
    C:\Users\Propietario\Documents\FP.DAM\2&#186;\DDI\Practicas\Ut6\di-ra6-proyecto-Cesar-Aganzo\bin\Debug
    C:\ProgramData\EWSoftware\Sandcastle Help File Builder\Components and Plug-Ins
    C:\Program Files (x86)\EWSoftware\Sandcastle Help File Builder\Components
Using framework reflection data for &#39;.NET Framework 4.7.2&#39; located in &#39;C:\Program Files (x86)\EWSoftware\Sandcastle Help File Builder\Data\.NETFramework&#39;
Using presentation style &#39;Default2022&#39; located in &#39;C:\Program Files (x86)\EWSoftware\Sandcastle Help File Builder\Components\Default2022&#39;
Loading and initializing plug-ins...
Website Table of Contents Generator Version 2024.12.21.0
Copyright &#169; 2006-2024, Eric Woodruff, All Rights Reserved
-------------------------------
Clearing any prior web/markdown output...
</buildStep>
<buildStep step="ValidatingDocumentationSources">
Validating and copying documentation source information
Source: C:\Users\Propietario\Documents\FP.DAM\2&#186;\DDI\Practicas\Ut6\di-ra6-proyecto-Cesar-Aganzo\bin\Debug\di-ra5-proyecto-Cesar-Aganzo.exe
    Found assembly &#39;C:\Users\Propietario\Documents\FP.DAM\2&#186;\DDI\Practicas\Ut6\di-ra6-proyecto-Cesar-Aganzo\bin\Debug\di-ra5-proyecto-Cesar-Aganzo.exe&#39;
Source: C:\Users\Propietario\Documents\FP.DAM\2&#186;\DDI\Practicas\Ut6\di-ra6-proyecto-Cesar-Aganzo\bin\Debug\di-ra6-proyecto-Cesar-Aganzo.xml

Copying XML comments files
    C:\Users\Propietario\Documents\FP.DAM\2&#186;\DDI\Practicas\Ut6\di-ra6-proyecto-Cesar-Aganzo\bin\Debug\di-ra6-proyecto-Cesar-Aganzo.xml -&gt; C:\Users\Propietario\Documents\FP.DAM\2&#186;\DDI\Practicas\Ut6\di-ra6-proyecto-Cesar-Aganzo\bin\Debug\Help\Working\di-ra6-proyecto-Cesar-Aganzo.xml
</buildStep>
<buildStep step="GenerateSharedContent">
Generating shared content files (en-US, Ingl&#233;s (Estados Unidos))...
    Last step completed in 00:00:00,0000
</buildStep>
<buildStep step="GenerateApiFilter">
Generating API filter for MRefBuilder...
    Last step completed in 00:00:00,0156
</buildStep>
<buildStep step="GenerateReflectionInfo">
Generating reflection information...
[C:\Program Files\Microsoft Visual Studio\2022\Community\MSBuild\Current\Bin\amd64\MSBuild.exe - GenerateRefInfo-664e0869-2758-4c60-92e5-1decd06b2139.proj]
Compilaci&#195;&#179;n iniciada a las 18/02/2025 0:35:45.

Proyecto &quot;C:\Users\Propietario\Documents\FP.DAM\2&#194;&#186;\DDI\Practicas\Ut6\di-ra6-proyecto-Cesar-Aganzo\bin\Debug\Help\Working\GenerateRefInfo-664e0869-2758-4c60-92e5-1decd06b2139.proj&quot; en nodo 1 (destinos predeterminados).
PrepareForBuild:
  Creando directorio &quot;obj\Debug\&quot;.
GenerateRefInfo:
  Microsoft.Build (v17.11.9+a69bbaaf5f8d7249b8cab7309e81ad2221ce396c)
  &#194;&#169; Microsoft Corporation. All rights reserved.
  No source code context base path specified.  Source context information is unavailable.
  Loaded 1 assemblies for reflection and 1 dependency assemblies.
  Using framework redirect &#39;System.Windows.Forms, Version=4.0.0.0, Culture=neutral, PublicKeyToken=b77a5c561934e089&#39; in place of &#39;System.Windows.Forms, Version=4.0.0.0, Culture=neutral, PublicKeyToken=b77a5c561934e089&#39;
  Using framework redirect &#39;System, Version=4.0.0.0, Culture=neutral, PublicKeyToken=b77a5c561934e089&#39; in place of &#39;System, Version=4.0.0.0, Culture=neutral, PublicKeyToken=b77a5c561934e089&#39;
  Using framework redirect &#39;System.Drawing, Version=4.0.0.0, Culture=neutral, PublicKeyToken=b03f5f7f11d50a3a&#39; in place of &#39;System.Drawing, Version=4.0.0.0, Culture=neutral, PublicKeyToken=b03f5f7f11d50a3a&#39;
  Using framework redirect &#39;Accessibility, Version=4.0.0.0, Culture=neutral, PublicKeyToken=b03f5f7f11d50a3a&#39; in place of &#39;Accessibility, Version=4.0.0.0, Culture=neutral, PublicKeyToken=b03f5f7f11d50a3a&#39;
  Wrote information on 6 namespaces, 37 types, and 133 members
  Merging duplicate type and member information
  Merged 0 duplicate type(s) and 0 duplicate member(s)
Compilaci&#195;&#179;n del proyecto terminada &quot;C:\Users\Propietario\Documents\FP.DAM\2&#194;&#186;\DDI\Practicas\Ut6\di-ra6-proyecto-Cesar-Aganzo\bin\Debug\Help\Working\GenerateRefInfo-664e0869-2758-4c60-92e5-1decd06b2139.proj&quot; (destinos predeterminados).
    Last step completed in 00:00:00,7367
</buildStep>
<buildStep step="ApplyDocumentModel">
Applying document model to reflection output...
    Last step completed in 00:00:00,5184
</buildStep>
<buildStep step="AddApiTopicFilenames">
Adding topic filenames to API members...
    Last step completed in 00:00:00,3513
</buildStep>
<buildStep step="GenerateApiTopicManifest">
Generating API topic manifest...
    Last step completed in 00:00:00,3254
</buildStep>
<buildStep step="GenerateNamespaceSummaries">
Generating namespace summary information...
    Last step completed in 00:00:00,1154
</buildStep>
<buildStep step="CopyAdditionalContent">
Copying additional content files...
No additional content to copy
    Last step completed in 00:00:00,0000
</buildStep>
<buildStep step="MergeTablesOfContents">
Merging conceptual and additional tables of contents...
    Last step completed in 00:00:00,0000
</buildStep>
<buildStep step="GenerateIntermediateTableOfContents">
Generating intermediate table of contents file for API content...
Generating conceptual content intermediate TOC file...
    Last step completed in 00:00:00,1501
</buildStep>
<buildStep step="CreateBuildAssemblerConfigs">
Creating Sandcastle configuration files...
    Last step completed in 00:00:00,1229
</buildStep>
<buildStep step="CombiningIntermediateTocFiles">
Combining conceptual and API intermediate TOC files...
    Last step completed in 00:00:00,0101
</buildStep>
<buildStep step="MergeCustomConfigs">
Merging custom build component configurations
C:\Users\Propietario\Documents\FP.DAM\2&#186;\DDI\Practicas\Ut6\di-ra6-proyecto-Cesar-Aganzo\bin\Debug\Help\Working\BuildAssembler.config
  Updating reference topic configurations.
  No conceptual content.  Removing conceptual content components.
    Last step completed in 00:00:00,0121
</buildStep>
<buildStep step="BuildTopics">
Building help topics...
<plugIn name="Website Table of Contents Generator" behavior="Before" priority="1000">
Loading TOC info and adding unique IDs to parent nodes
</plugIn>Loading configuration...
Processing topics...
SHFB: Warning BE0066: ShowMissingComponent: [N:di_ra5_proyecto_Cesar_Aganzo] Missing &lt;summary&gt; documentation
SHFB: Warning BE0066: ShowMissingComponent: [N:di_ra5_proyecto_Cesar_Aganzo.Controlador] Missing &lt;summary&gt; documentation
SHFB: Warning BE0066: ShowMissingComponent: [N:di_ra5_proyecto_Cesar_Aganzo.Controlador.Dao] Missing &lt;summary&gt; documentation
SHFB: Warning BE0066: ShowMissingComponent: [N:di_ra5_proyecto_Cesar_Aganzo.Modelo] Missing &lt;summary&gt; documentation
SHFB: Warning BE0066: ShowMissingComponent: [N:di_ra5_proyecto_Cesar_Aganzo.Vista] Missing &lt;summary&gt; documentation
SHFB: Warning BE0066: ShowMissingComponent: [N:SqlServerTypes] Missing &lt;summary&gt; documentation
Processed 272 topic(s)
6 warning(s)
CopyFromIndexComponent: &quot;reflection&quot; in-memory cache entries used: 3 of 15.
CopyFromIndexComponent: &quot;comments&quot; in-memory cache entries used: 1 of 30.
<plugIn name="Website Table of Contents Generator" behavior="After" priority="1000">
Generating TOC fragment files
</plugIn>    Last step completed in 00:00:05,1191
</buildStep>
<buildStep step="CopyStandardHelpContent">
Copying standard help content...
C:\Program Files (x86)\EWSoftware\Sandcastle Help File Builder\Components\Default2022\css\bulma.css -&gt; C:\Users\Propietario\Documents\FP.DAM\2&#186;\DDI\Practicas\Ut6\di-ra6-proyecto-Cesar-Aganzo\bin\Debug\Help\Working\Output\Website\css\bulma.css
C:\Program Files (x86)\EWSoftware\Sandcastle Help File Builder\Components\Default2022\css\bulma.css.map -&gt; C:\Users\Propietario\Documents\FP.DAM\2&#186;\DDI\Practicas\Ut6\di-ra6-proyecto-Cesar-Aganzo\bin\Debug\Help\Working\Output\Website\css\bulma.css.map
C:\Program Files (x86)\EWSoftware\Sandcastle Help File Builder\Components\Default2022\css\bulma.min.css -&gt; C:\Users\Propietario\Documents\FP.DAM\2&#186;\DDI\Practicas\Ut6\di-ra6-proyecto-Cesar-Aganzo\bin\Debug\Help\Working\Output\Website\css\bulma.min.css
C:\Program Files (x86)\EWSoftware\Sandcastle Help File Builder\Components\Default2022\css\font-awesome.css -&gt; C:\Users\Propietario\Documents\FP.DAM\2&#186;\DDI\Practicas\Ut6\di-ra6-proyecto-Cesar-Aganzo\bin\Debug\Help\Working\Output\Website\css\font-awesome.css
C:\Program Files (x86)\EWSoftware\Sandcastle Help File Builder\Components\Default2022\css\font-awesome.min.css -&gt; C:\Users\Propietario\Documents\FP.DAM\2&#186;\DDI\Practicas\Ut6\di-ra6-proyecto-Cesar-Aganzo\bin\Debug\Help\Working\Output\Website\css\font-awesome.min.css
C:\Program Files (x86)\EWSoftware\Sandcastle Help File Builder\Components\Default2022\css\ja-JP.css -&gt; C:\Users\Propietario\Documents\FP.DAM\2&#186;\DDI\Practicas\Ut6\di-ra6-proyecto-Cesar-Aganzo\bin\Debug\Help\Working\Output\Website\css\ja-JP.css
C:\Program Files (x86)\EWSoftware\Sandcastle Help File Builder\Components\Default2022\css\ko-KR.css -&gt; C:\Users\Propietario\Documents\FP.DAM\2&#186;\DDI\Practicas\Ut6\di-ra6-proyecto-Cesar-Aganzo\bin\Debug\Help\Working\Output\Website\css\ko-KR.css
C:\Program Files (x86)\EWSoftware\Sandcastle Help File Builder\Components\Default2022\css\presentationStyle.css -&gt; C:\Users\Propietario\Documents\FP.DAM\2&#186;\DDI\Practicas\Ut6\di-ra6-proyecto-Cesar-Aganzo\bin\Debug\Help\Working\Output\Website\css\presentationStyle.css
C:\Program Files (x86)\EWSoftware\Sandcastle Help File Builder\Components\Default2022\css\vs.min.css -&gt; C:\Users\Propietario\Documents\FP.DAM\2&#186;\DDI\Practicas\Ut6\di-ra6-proyecto-Cesar-Aganzo\bin\Debug\Help\Working\Output\Website\css\vs.min.css
C:\Program Files (x86)\EWSoftware\Sandcastle Help File Builder\Components\Default2022\css\zh-CN.css -&gt; C:\Users\Propietario\Documents\FP.DAM\2&#186;\DDI\Practicas\Ut6\di-ra6-proyecto-Cesar-Aganzo\bin\Debug\Help\Working\Output\Website\css\zh-CN.css
C:\Program Files (x86)\EWSoftware\Sandcastle Help File Builder\Components\Default2022\css\zh-TW.css -&gt; C:\Users\Propietario\Documents\FP.DAM\2&#186;\DDI\Practicas\Ut6\di-ra6-proyecto-Cesar-Aganzo\bin\Debug\Help\Working\Output\Website\css\zh-TW.css
C:\Program Files (x86)\EWSoftware\Sandcastle Help File Builder\Components\Default2022\icons\favicon.ico -&gt; C:\Users\Propietario\Documents\FP.DAM\2&#186;\DDI\Practicas\Ut6\di-ra6-proyecto-Cesar-Aganzo\bin\Debug\Help\Working\Output\Website\icons\favicon.ico
C:\Program Files (x86)\EWSoftware\Sandcastle Help File Builder\Components\Default2022\scripts\clipboard.min.js -&gt; C:\Users\Propietario\Documents\FP.DAM\2&#186;\DDI\Practicas\Ut6\di-ra6-proyecto-Cesar-Aganzo\bin\Debug\Help\Working\Output\Website\scripts\clipboard.min.js
C:\Program Files (x86)\EWSoftware\Sandcastle Help File Builder\Components\Default2022\scripts\highlight.min.js -&gt; C:\Users\Propietario\Documents\FP.DAM\2&#186;\DDI\Practicas\Ut6\di-ra6-proyecto-Cesar-Aganzo\bin\Debug\Help\Working\Output\Website\scripts\highlight.min.js
C:\Program Files (x86)\EWSoftware\Sandcastle Help File Builder\Components\Default2022\scripts\jquery-3.5.1.min.js -&gt; C:\Users\Propietario\Documents\FP.DAM\2&#186;\DDI\Practicas\Ut6\di-ra6-proyecto-Cesar-Aganzo\bin\Debug\Help\Working\Output\Website\scripts\jquery-3.5.1.min.js
C:\Program Files (x86)\EWSoftware\Sandcastle Help File Builder\Components\Default2022\scripts\presentationStyle.js -&gt; C:\Users\Propietario\Documents\FP.DAM\2&#186;\DDI\Practicas\Ut6\di-ra6-proyecto-Cesar-Aganzo\bin\Debug\Help\Working\Output\Website\scripts\presentationStyle.js
C:\Program Files (x86)\EWSoftware\Sandcastle Help File Builder\Components\Default2022\webfonts\fa-brands-400.ttf -&gt; C:\Users\Propietario\Documents\FP.DAM\2&#186;\DDI\Practicas\Ut6\di-ra6-proyecto-Cesar-Aganzo\bin\Debug\Help\Working\Output\Website\webfonts\fa-brands-400.ttf
C:\Program Files (x86)\EWSoftware\Sandcastle Help File Builder\Components\Default2022\webfonts\fa-brands-400.woff2 -&gt; C:\Users\Propietario\Documents\FP.DAM\2&#186;\DDI\Practicas\Ut6\di-ra6-proyecto-Cesar-Aganzo\bin\Debug\Help\Working\Output\Website\webfonts\fa-brands-400.woff2
C:\Program Files (x86)\EWSoftware\Sandcastle Help File Builder\Components\Default2022\webfonts\fa-regular-400.ttf -&gt; C:\Users\Propietario\Documents\FP.DAM\2&#186;\DDI\Practicas\Ut6\di-ra6-proyecto-Cesar-Aganzo\bin\Debug\Help\Working\Output\Website\webfonts\fa-regular-400.ttf
C:\Program Files (x86)\EWSoftware\Sandcastle Help File Builder\Components\Default2022\webfonts\fa-regular-400.woff2 -&gt; C:\Users\Propietario\Documents\FP.DAM\2&#186;\DDI\Practicas\Ut6\di-ra6-proyecto-Cesar-Aganzo\bin\Debug\Help\Working\Output\Website\webfonts\fa-regular-400.woff2
C:\Program Files (x86)\EWSoftware\Sandcastle Help File Builder\Components\Default2022\webfonts\fa-solid-900.ttf -&gt; C:\Users\Propietario\Documents\FP.DAM\2&#186;\DDI\Practicas\Ut6\di-ra6-proyecto-Cesar-Aganzo\bin\Debug\Help\Working\Output\Website\webfonts\fa-solid-900.ttf
C:\Program Files (x86)\EWSoftware\Sandcastle Help File Builder\Components\Default2022\webfonts\fa-solid-900.woff2 -&gt; C:\Users\Propietario\Documents\FP.DAM\2&#186;\DDI\Practicas\Ut6\di-ra6-proyecto-Cesar-Aganzo\bin\Debug\Help\Working\Output\Website\webfonts\fa-solid-900.woff2
C:\Program Files (x86)\EWSoftware\Sandcastle Help File Builder\Components\Default2022\webfonts\fa-v4compatibility.ttf -&gt; C:\Users\Propietario\Documents\FP.DAM\2&#186;\DDI\Practicas\Ut6\di-ra6-proyecto-Cesar-Aganzo\bin\Debug\Help\Working\Output\Website\webfonts\fa-v4compatibility.ttf
C:\Program Files (x86)\EWSoftware\Sandcastle Help File Builder\Components\Default2022\webfonts\fa-v4compatibility.woff2 -&gt; C:\Users\Propietario\Documents\FP.DAM\2&#186;\DDI\Practicas\Ut6\di-ra6-proyecto-Cesar-Aganzo\bin\Debug\Help\Working\Output\Website\webfonts\fa-v4compatibility.woff2
C:\Program Files (x86)\EWSoftware\Sandcastle Help File Builder\Components\Default2022\RootWebsiteContent\GeneralError.html -&gt; C:\Users\Propietario\Documents\FP.DAM\2&#186;\DDI\Practicas\Ut6\di-ra6-proyecto-Cesar-Aganzo\bin\Debug\Help\Working\Output\Website\GeneralError.html
C:\Program Files (x86)\EWSoftware\Sandcastle Help File Builder\Components\Default2022\RootWebsiteContent\index.html -&gt; C:\Users\Propietario\Documents\FP.DAM\2&#186;\DDI\Practicas\Ut6\di-ra6-proyecto-Cesar-Aganzo\bin\Debug\Help\Working\Output\Website\index.html
C:\Program Files (x86)\EWSoftware\Sandcastle Help File Builder\Components\Default2022\RootWebsiteContent\PageNotFound.html -&gt; C:\Users\Propietario\Documents\FP.DAM\2&#186;\DDI\Practicas\Ut6\di-ra6-proyecto-Cesar-Aganzo\bin\Debug\Help\Working\Output\Website\PageNotFound.html
C:\Program Files (x86)\EWSoftware\Sandcastle Help File Builder\Components\Default2022\RootWebsiteContent\search.html -&gt; C:\Users\Propietario\Documents\FP.DAM\2&#186;\DDI\Practicas\Ut6\di-ra6-proyecto-Cesar-Aganzo\bin\Debug\Help\Working\Output\Website\search.html
C:\Program Files (x86)\EWSoftware\Sandcastle Help File Builder\Components\Default2022\RootWebsiteContent\SearchHelp.aspx -&gt; C:\Users\Propietario\Documents\FP.DAM\2&#186;\DDI\Practicas\Ut6\di-ra6-proyecto-Cesar-Aganzo\bin\Debug\Help\Working\Output\Website\SearchHelp.aspx
C:\Program Files (x86)\EWSoftware\Sandcastle Help File Builder\Components\Default2022\RootWebsiteContent\SearchHelp.inc.php -&gt; C:\Users\Propietario\Documents\FP.DAM\2&#186;\DDI\Practicas\Ut6\di-ra6-proyecto-Cesar-Aganzo\bin\Debug\Help\Working\Output\Website\SearchHelp.inc.php
C:\Program Files (x86)\EWSoftware\Sandcastle Help File Builder\Components\Default2022\RootWebsiteContent\SearchHelp.php -&gt; C:\Users\Propietario\Documents\FP.DAM\2&#186;\DDI\Practicas\Ut6\di-ra6-proyecto-Cesar-Aganzo\bin\Debug\Help\Working\Output\Website\SearchHelp.php
C:\Program Files (x86)\EWSoftware\Sandcastle Help File Builder\Components\Default2022\RootWebsiteContent\Web.Config -&gt; C:\Users\Propietario\Documents\FP.DAM\2&#186;\DDI\Practicas\Ut6\di-ra6-proyecto-Cesar-Aganzo\bin\Debug\Help\Working\Output\Website\Web.Config
    Last step completed in 00:00:00,0313
</buildStep>
<buildStep step="GenerateFullTextIndex">
Generating full-text index for the website...

    Last step completed in 00:00:00,4324
</buildStep>
<buildStep step="CopyingWebsiteFiles">
Copying website files to output folder...

Copied 439 files for the website content
    Last step completed in 00:00:00,4701
</buildStep>
<buildStep step="CleanIntermediates">
Removing intermediate files...
    Last step completed in 00:00:00,0690
</buildStep>
<buildStep step="Completed">

Build completed successfully at 18/02/2025 0:35:54.  Total time: 00:00:09,2868

</buildStep>
</shfbBuild>
